# JRE version: Java(TM) SE Runtime Environment (8.0_241-b07) (build 1.8.0_241-b07)
# Java VM: Java HotSpot(TM) 64-Bit Server VM (25.241-b07 mixed mode windows-amd64 compressed oops)
Heap:
 PSYoungGen      total 486912K, used 20992K [0x000000076ad80000, 0x000000078b900000, 0x00000007c0000000)
  eden space 465920K, 0% used [0x000000076ad80000,0x000000076ad80000,0x0000000787480000)
  from space 20992K, 100% used [0x0000000787480000,0x0000000788900000,0x0000000788900000)
  to   space 33280K, 0% used [0x0000000789880000,0x0000000789880000,0x000000078b900000)
 ParOldGen       total 1910272K, used 1906046K [0x00000006c0800000, 0x0000000735180000, 0x000000076ad80000)
  object space 1910272K, 99% used [0x00000006c0800000,0x0000000734d5fbd0,0x0000000735180000)
 Metaspace       used 103536K, capacity 107533K, committed 107648K, reserved 1140736K
  class space    used 15498K, capacity 16481K, committed 16512K, reserved 1048576K
GC Heap History (10 events):
Event: 3991.856 GC heap after
Heap after GC invocations=980 (full 7):
 PSYoungGen      total 481280K, used 13760K [0x000000076ad80000, 0x0000000789a80000, 0x00000007c0000000)
  eden space 459776K, 0% used [0x000000076ad80000,0x000000076ad80000,0x0000000786e80000)
  from space 21504K, 63% used [0x0000000786e80000,0x0000000787bf0000,0x0000000788380000)
  to   space 20992K, 0% used [0x0000000788600000,0x0000000788600000,0x0000000789a80000)
 ParOldGen       total 1910272K, used 1878404K [0x00000006c0800000, 0x0000000735180000, 0x000000076ad80000)
  object space 1910272K, 98% used [0x00000006c0800000,0x00000007332613e0,0x0000000735180000)
 Metaspace       used 103535K, capacity 107533K, committed 107648K, reserved 1140736K
  class space    used 15498K, capacity 16481K, committed 16512K, reserved 1048576K
}
Event: 3996.977 GC heap before
{Heap before GC invocations=981 (full 7):
 PSYoungGen      total 481280K, used 473536K [0x000000076ad80000, 0x0000000789a80000, 0x00000007c0000000)
  eden space 459776K, 100% used [0x000000076ad80000,0x0000000786e80000,0x0000000786e80000)
  from space 21504K, 63% used [0x0000000786e80000,0x0000000787bf0000,0x0000000788380000)
  to   space 20992K, 0% used [0x0000000788600000,0x0000000788600000,0x0000000789a80000)
 ParOldGen       total 1910272K, used 1878404K [0x00000006c0800000, 0x0000000735180000, 0x000000076ad80000)
  object space 1910272K, 98% used [0x00000006c0800000,0x00000007332613e0,0x0000000735180000)
 Metaspace       used 103535K, capacity 107533K, committed 107648K, reserved 1140736K
  class space    used 15498K, capacity 16481K, committed 16512K, reserved 1048576K
Event: 3996.989 GC heap after
Heap after GC invocations=981 (full 7):
 PSYoungGen      total 482816K, used 13696K [0x000000076ad80000, 0x0000000789980000, 0x00000007c0000000)
  eden space 462848K, 0% used [0x000000076ad80000,0x000000076ad80000,0x0000000787180000)
  from space 19968K, 68% used [0x0000000788600000,0x0000000789360000,0x0000000789980000)
  to   space 20480K, 0% used [0x0000000787180000,0x0000000787180000,0x0000000788580000)
 ParOldGen       total 1910272K, used 1878624K [0x00000006c0800000, 0x0000000735180000, 0x000000076ad80000)
  object space 1910272K, 98% used [0x00000006c0800000,0x00000007332983f0,0x0000000735180000)
 Metaspace       used 103535K, capacity 107533K, committed 107648K, reserved 1140736K
  class space    used 15498K, capacity 16481K, committed 16512K, reserved 1048576K
}
Event: 4002.524 GC heap before
{Heap before GC invocations=982 (full 7):
 PSYoungGen      total 482816K, used 476544K [0x000000076ad80000, 0x0000000789980000, 0x00000007c0000000)
  eden space 462848K, 100% used [0x000000076ad80000,0x0000000787180000,0x0000000787180000)
  from space 19968K, 68% used [0x0000000788600000,0x0000000789360000,0x0000000789980000)
  to   space 20480K, 0% used [0x0000000787180000,0x0000000787180000,0x0000000788580000)
 ParOldGen       total 1910272K, used 1878624K [0x00000006c0800000, 0x0000000735180000, 0x000000076ad80000)
  object space 1910272K, 98% used [0x00000006c0800000,0x00000007332983f0,0x0000000735180000)
 Metaspace       used 103535K, capacity 107533K, committed 107648K, reserved 1140736K
  class space    used 15498K, capacity 16481K, committed 16512K, reserved 1048576K
Event: 4002.535 GC heap after
Heap after GC invocations=982 (full 7):
 PSYoungGen      total 483328K, used 14848K [0x000000076ad80000, 0x0000000789d80000, 0x00000007c0000000)
  eden space 462848K, 0% used [0x000000076ad80000,0x000000076ad80000,0x0000000787180000)
  from space 20480K, 72% used [0x0000000787180000,0x0000000788000000,0x0000000788580000)
  to   space 20992K, 0% used [0x0000000788900000,0x0000000788900000,0x0000000789d80000)
 ParOldGen       total 1910272K, used 1878776K [0x00000006c0800000, 0x0000000735180000, 0x000000076ad80000)
  object space 1910272K, 98% used [0x00000006c0800000,0x00000007332be3f0,0x0000000735180000)
 Metaspace       used 103535K, capacity 107533K, committed 107648K, reserved 1140736K
  class space    used 15498K, capacity 16481K, committed 16512K, reserved 1048576K
}
Event: 4008.282 GC heap before
{Heap before GC invocations=983 (full 7):
 PSYoungGen      total 483328K, used 477696K [0x000000076ad80000, 0x0000000789d80000, 0x00000007c0000000)
  eden space 462848K, 100% used [0x000000076ad80000,0x0000000787180000,0x0000000787180000)
  from space 20480K, 72% used [0x0000000787180000,0x0000000788000000,0x0000000788580000)
  to   space 20992K, 0% used [0x0000000788900000,0x0000000788900000,0x0000000789d80000)
 ParOldGen       total 1910272K, used 1878776K [0x00000006c0800000, 0x0000000735180000, 0x000000076ad80000)
  object space 1910272K, 98% used [0x00000006c0800000,0x00000007332be3f0,0x0000000735180000)
 Metaspace       used 103535K, capacity 107533K, committed 107648K, reserved 1140736K
  class space    used 15498K, capacity 16481K, committed 16512K, reserved 1048576K
Event: 4008.298 GC heap after
Heap after GC invocations=983 (full 7):
 PSYoungGen      total 486912K, used 14848K [0x000000076ad80000, 0x0000000789d80000, 0x00000007c0000000)
  eden space 465920K, 0% used [0x000000076ad80000,0x000000076ad80000,0x0000000787480000)
  from space 20992K, 70% used [0x0000000788900000,0x0000000789780000,0x0000000789d80000)
  to   space 20992K, 0% used [0x0000000787480000,0x0000000787480000,0x0000000788900000)
 ParOldGen       total 1910272K, used 1878888K [0x00000006c0800000, 0x0000000735180000, 0x000000076ad80000)
  object space 1910272K, 98% used [0x00000006c0800000,0x00000007332da3f0,0x0000000735180000)
 Metaspace       used 103535K, capacity 107533K, committed 107648K, reserved 1140736K
  class space    used 15498K, capacity 16481K, committed 16512K, reserved 1048576K
}
Event: 4013.422 GC heap before
{Heap before GC invocations=984 (full 7):
 PSYoungGen      total 486912K, used 480768K [0x000000076ad80000, 0x0000000789d80000, 0x00000007c0000000)
  eden space 465920K, 100% used [0x000000076ad80000,0x0000000787480000,0x0000000787480000)
  from space 20992K, 70% used [0x0000000788900000,0x0000000789780000,0x0000000789d80000)
  to   space 20992K, 0% used [0x0000000787480000,0x0000000787480000,0x0000000788900000)
 ParOldGen       total 1910272K, used 1878888K [0x00000006c0800000, 0x0000000735180000, 0x000000076ad80000)
  object space 1910272K, 98% used [0x00000006c0800000,0x00000007332da3f0,0x0000000735180000)
 Metaspace       used 103536K, capacity 107533K, committed 107648K, reserved 1140736K
  class space    used 15498K, capacity 16481K, committed 16512K, reserved 1048576K
Event: 4013.444 GC heap after
Heap after GC invocations=984 (full 7):
 PSYoungGen      total 486912K, used 20992K [0x000000076ad80000, 0x000000078b900000, 0x00000007c0000000)
  eden space 465920K, 0% used [0x000000076ad80000,0x000000076ad80000,0x0000000787480000)
  from space 20992K, 100% used [0x0000000787480000,0x0000000788900000,0x0000000788900000)
  to   space 33280K, 0% used [0x0000000789880000,0x0000000789880000,0x000000078b900000)
 ParOldGen       total 1910272K, used 1906046K [0x00000006c0800000, 0x0000000735180000, 0x000000076ad80000)
  object space 1910272K, 99% used [0x00000006c0800000,0x0000000734d5fbd0,0x0000000735180000)
 Metaspace       used 103536K, capacity 107533K, committed 107648K, reserved 1140736K
  class space    used 15498K, capacity 16481K, committed 16512K, reserved 1048576K
}
Event: 4013.444 GC heap before
{Heap before GC invocations=985 (full 8):
 PSYoungGen      total 486912K, used 20992K [0x000000076ad80000, 0x000000078b900000, 0x00000007c0000000)
  eden space 465920K, 0% used [0x000000076ad80000,0x000000076ad80000,0x0000000787480000)
  from space 20992K, 100% used [0x0000000787480000,0x0000000788900000,0x0000000788900000)
  to   space 33280K, 0% used [0x0000000789880000,0x0000000789880000,0x000000078b900000)
 ParOldGen       total 1910272K, used 1906046K [0x00000006c0800000, 0x0000000735180000, 0x000000076ad80000)
  object space 1910272K, 99% used [0x00000006c0800000,0x0000000734d5fbd0,0x0000000735180000)
 Metaspace       used 103536K, capacity 107533K, committed 107648K, reserved 1140736K
  class space    used 15498K, capacity 16481K, committed 16512K, reserved 1048576K

